f:\myvsproject\leetcode\leetcode\debug\vc140.pdb
f:\myvsproject\leetcode\leetcode\debug\vc140.idb
f:\myvsproject\leetcode\leetcode\debug\pro20.obj
f:\myvsproject\leetcode\leetcode\debug\pro202.obj
f:\myvsproject\leetcode\leetcode\debug\pro21.obj
f:\myvsproject\leetcode\leetcode\debug\pro24.obj
f:\myvsproject\leetcode\leetcode\debug\pro259.obj
f:\myvsproject\leetcode\leetcode\debug\pro26.obj
f:\myvsproject\leetcode\leetcode\debug\pro266.obj
f:\myvsproject\leetcode\leetcode\debug\pro29.obj
f:\myvsproject\leetcode\leetcode\debug\pro3.obj
f:\myvsproject\leetcode\leetcode\debug\pro344.obj
f:\myvsproject\leetcode\leetcode\debug\pro39.obj
f:\myvsproject\leetcode\leetcode\debug\pro40.obj
f:\myvsproject\leetcode\leetcode\debug\pro414.obj
f:\myvsproject\leetcode\leetcode\debug\pro43.obj
f:\myvsproject\leetcode\leetcode\debug\pro44.obj
f:\myvsproject\leetcode\leetcode\debug\pro6.obj
f:\myvsproject\leetcode\leetcode\debug\pro9.obj
f:\myvsproject\leetcode\leetcode\debug\stringproblems.obj
f:\myvsproject\leetcode\leetcode\debug\symantec.obj
f:\myvsproject\leetcode\leetcode\debug\test.obj
f:\myvsproject\leetcode\leetcode\debug\pro1.obj
f:\myvsproject\leetcode\leetcode\debug\pro155.obj
f:\myvsproject\leetcode\leetcode\debug\pro136.obj
f:\myvsproject\leetcode\leetcode\debug\pro11.obj
f:\myvsproject\leetcode\leetcode\debug\pro12.obj
f:\myvsproject\leetcode\leetcode\debug\pro13.obj
f:\myvsproject\leetcode\leetcode\debug\pro139.obj
f:\myvsproject\leetcode\leetcode\debug\pro141.obj
f:\myvsproject\leetcode\leetcode\debug\pro142.obj
f:\myvsproject\leetcode\leetcode\debug\pro15.obj
f:\myvsproject\leetcode\leetcode\debug\pro16.obj
f:\myvsproject\leetcode\leetcode\debug\pro18.obj
f:\myvsproject\leetcode\leetcode\debug\pro2.obj
f:\myvsproject\leetcode\debug\leetcode.ilk
f:\myvsproject\leetcode\debug\leetcode.exe
f:\myvsproject\leetcode\debug\leetcode.pdb
f:\myvsproject\leetcode\leetcode\debug\leetcode.tlog\cl.command.1.tlog
f:\myvsproject\leetcode\leetcode\debug\leetcode.tlog\cl.read.1.tlog
f:\myvsproject\leetcode\leetcode\debug\leetcode.tlog\cl.write.1.tlog
f:\myvsproject\leetcode\leetcode\debug\leetcode.tlog\link.command.1.tlog
f:\myvsproject\leetcode\leetcode\debug\leetcode.tlog\link.read.1.tlog
f:\myvsproject\leetcode\leetcode\debug\leetcode.tlog\link.write.1.tlog
