  test.cpp
f:\myvsproject\leetcode\leetcode\pro266.cpp(13): warning C4018: “<”: 有符号/无符号不匹配
  Symantec.cpp
  StringProblems.cpp
  pro9.cpp
  pro6.cpp
  pro44.cpp
  pro43.cpp
  pro414.cpp
f:\myvsproject\leetcode\leetcode\pro414.cpp(13): warning C4018: “<”: 有符号/无符号不匹配
  pro40.cpp
f:\myvsproject\leetcode\leetcode\pro40.cpp(25): warning C4018: “<”: 有符号/无符号不匹配
  pro39.cpp
f:\myvsproject\leetcode\leetcode\pro39.cpp(24): warning C4018: “<”: 有符号/无符号不匹配
  pro344.cpp
  pro3.cpp
f:\myvsproject\leetcode\leetcode\pro3.cpp(37): warning C4018: “<”: 有符号/无符号不匹配
  pro29.cpp
  pro266.cpp
f:\myvsproject\leetcode\leetcode\pro266.cpp(13): warning C4018: “<”: 有符号/无符号不匹配
  pro26.cpp
f:\myvsproject\leetcode\leetcode\pro26.cpp(11): warning C4018: “<”: 有符号/无符号不匹配
  pro259.cpp
f:\myvsproject\leetcode\leetcode\pro259.cpp(16): warning C4018: “<”: 有符号/无符号不匹配
  pro24.cpp
  pro21.cpp
  pro202.cpp
  pro20.cpp
  正在生成代码...
  正在编译...
  pro2.cpp
  pro18.cpp
f:\myvsproject\leetcode\leetcode\pro18.cpp(15): warning C4018: “<”: 有符号/无符号不匹配
f:\myvsproject\leetcode\leetcode\pro18.cpp(18): warning C4018: “<”: 有符号/无符号不匹配
  pro16.cpp
f:\myvsproject\leetcode\leetcode\pro16.cpp(13): warning C4018: “<”: 有符号/无符号不匹配
  pro15.cpp
f:\myvsproject\leetcode\leetcode\pro15.cpp(15): warning C4018: “<”: 有符号/无符号不匹配
  pro142.cpp
  pro141.cpp
  pro139.cpp
  pro13.cpp
f:\myvsproject\leetcode\leetcode\pro13.cpp(12): warning C4018: “<”: 有符号/无符号不匹配
  pro12.cpp
  pro11.cpp
  pro136.cpp
f:\myvsproject\leetcode\leetcode\pro136.cpp(15): warning C4018: “<”: 有符号/无符号不匹配
  pro155.cpp
  pro1.cpp
f:\myvsproject\leetcode\leetcode\pro1.cpp(13): warning C4018: “<”: 有符号/无符号不匹配
  正在生成代码...
  Leetcode.vcxproj -> F:\MyVSProject\Leetcode\Debug\Leetcode.exe
  Leetcode.vcxproj -> F:\MyVSProject\Leetcode\Debug\Leetcode.pdb (Partial PDB)
